<?xml version="1.0" encoding="UTF-8"?>
<testng-results skipped="0" failed="0" ignored="0" total="1" passed="1">
  <reporter-output>
  </reporter-output>
  <suite name="Suite" duration-ms="34322" started-at="2021-09-30T06:56:29Z" finished-at="2021-09-30T06:57:03Z">
    <groups>
    </groups>
    <test name="Testhrm" duration-ms="34322" started-at="2021-09-30T06:56:29Z" finished-at="2021-09-30T06:57:03Z">
      <class name="com.testCase.LoginTestCase">
        <test-method status="PASS" signature="stratUp()[pri:0, instance:com.testCase.LoginTestCase@282308c3]" name="stratUp" is-config="true" duration-ms="22541" started-at="2021-09-30T06:56:29Z" finished-at="2021-09-30T06:56:51Z">
          <reporter-output>
          </reporter-output>
        </test-method> <!-- stratUp -->
        <test-method status="PASS" signature="login()[pri:0, instance:com.testCase.LoginTestCase@282308c3]" name="login" duration-ms="9501" started-at="2021-09-30T06:56:52Z" finished-at="2021-09-30T06:57:01Z">
          <reporter-output>
          </reporter-output>
        </test-method> <!-- login -->
        <test-method status="PASS" signature="close()[pri:0, instance:com.testCase.LoginTestCase@282308c3]" name="close" is-config="true" duration-ms="1318" started-at="2021-09-30T06:57:02Z" finished-at="2021-09-30T06:57:03Z">
          <reporter-output>
          </reporter-output>
        </test-method> <!-- close -->
      </class> <!-- com.testCase.LoginTestCase -->
    </test> <!-- Testhrm -->
  </suite> <!-- Suite -->
</testng-results>
